CRITICAL - 2025-02-18 16:27:15 --> Attempt to read property "Title" on null
in APPPATH\Controllers\Home.php on line 38.
 1 APPPATH\Controllers\Home.php(38): CodeIgniter\Debug\Exceptions->errorHandler(2, 'Attempt to read property "Title" on null', 'D:\\Programas Instalados\\XAMPP\\htdocs\\2.-Tasks\\TasksBack\\app\\Controllers\\Home.php', 38)
 2 SYSTEMPATH\CodeIgniter.php(942): App\Controllers\Home->postTask()
 3 SYSTEMPATH\CodeIgniter.php(502): CodeIgniter\CodeIgniter->runController(Object(App\Controllers\Home))
 4 SYSTEMPATH\CodeIgniter.php(361): CodeIgniter\CodeIgniter->handleRequest(null, Object(Config\Cache), false)
 5 FCPATH\index.php(79): CodeIgniter\CodeIgniter->run()
CRITICAL - 2025-02-18 16:28:17 --> Attempt to read property "Title" on null
in APPPATH\Controllers\Home.php on line 47.
 1 APPPATH\Controllers\Home.php(47): CodeIgniter\Debug\Exceptions->errorHandler(2, 'Attempt to read property "Title" on null', 'D:\\Programas Instalados\\XAMPP\\htdocs\\2.-Tasks\\TasksBack\\app\\Controllers\\Home.php', 47)
 2 SYSTEMPATH\CodeIgniter.php(942): App\Controllers\Home->postTask()
 3 SYSTEMPATH\CodeIgniter.php(502): CodeIgniter\CodeIgniter->runController(Object(App\Controllers\Home))
 4 SYSTEMPATH\CodeIgniter.php(361): CodeIgniter\CodeIgniter->handleRequest(null, Object(Config\Cache), false)
 5 FCPATH\index.php(79): CodeIgniter\CodeIgniter->run()
CRITICAL - 2025-02-18 16:28:34 --> Attempt to read property "Title" on null
in APPPATH\Controllers\Home.php on line 52.
 1 APPPATH\Controllers\Home.php(52): CodeIgniter\Debug\Exceptions->errorHandler(2, 'Attempt to read property "Title" on null', 'D:\\Programas Instalados\\XAMPP\\htdocs\\2.-Tasks\\TasksBack\\app\\Controllers\\Home.php', 52)
 2 SYSTEMPATH\CodeIgniter.php(942): App\Controllers\Home->postTask()
 3 SYSTEMPATH\CodeIgniter.php(502): CodeIgniter\CodeIgniter->runController(Object(App\Controllers\Home))
 4 SYSTEMPATH\CodeIgniter.php(361): CodeIgniter\CodeIgniter->handleRequest(null, Object(Config\Cache), false)
 5 FCPATH\index.php(79): CodeIgniter\CodeIgniter->run()
CRITICAL - 2025-02-18 16:31:19 --> Attempt to read property "Title" on null
in APPPATH\Controllers\Home.php on line 52.
 1 APPPATH\Controllers\Home.php(52): CodeIgniter\Debug\Exceptions->errorHandler(2, 'Attempt to read property "Title" on null', 'D:\\Programas Instalados\\XAMPP\\htdocs\\2.-Tasks\\TasksBack\\app\\Controllers\\Home.php', 52)
 2 SYSTEMPATH\CodeIgniter.php(942): App\Controllers\Home->postTask()
 3 SYSTEMPATH\CodeIgniter.php(502): CodeIgniter\CodeIgniter->runController(Object(App\Controllers\Home))
 4 SYSTEMPATH\CodeIgniter.php(361): CodeIgniter\CodeIgniter->handleRequest(null, Object(Config\Cache), false)
 5 FCPATH\index.php(79): CodeIgniter\CodeIgniter->run()
CRITICAL - 2025-02-18 16:31:23 --> Attempt to read property "Title" on null
in APPPATH\Controllers\Home.php on line 52.
 1 APPPATH\Controllers\Home.php(52): CodeIgniter\Debug\Exceptions->errorHandler(2, 'Attempt to read property "Title" on null', 'D:\\Programas Instalados\\XAMPP\\htdocs\\2.-Tasks\\TasksBack\\app\\Controllers\\Home.php', 52)
 2 SYSTEMPATH\CodeIgniter.php(942): App\Controllers\Home->postTask()
 3 SYSTEMPATH\CodeIgniter.php(502): CodeIgniter\CodeIgniter->runController(Object(App\Controllers\Home))
 4 SYSTEMPATH\CodeIgniter.php(361): CodeIgniter\CodeIgniter->handleRequest(null, Object(Config\Cache), false)
 5 FCPATH\index.php(79): CodeIgniter\CodeIgniter->run()
CRITICAL - 2025-02-18 16:32:33 --> Attempt to read property "Title" on null
in APPPATH\Controllers\Home.php on line 52.
 1 APPPATH\Controllers\Home.php(52): CodeIgniter\Debug\Exceptions->errorHandler(2, 'Attempt to read property "Title" on null', 'D:\\Programas Instalados\\XAMPP\\htdocs\\2.-Tasks\\TasksBack\\app\\Controllers\\Home.php', 52)
 2 SYSTEMPATH\CodeIgniter.php(942): App\Controllers\Home->postTask()
 3 SYSTEMPATH\CodeIgniter.php(502): CodeIgniter\CodeIgniter->runController(Object(App\Controllers\Home))
 4 SYSTEMPATH\CodeIgniter.php(361): CodeIgniter\CodeIgniter->handleRequest(null, Object(Config\Cache), false)
 5 FCPATH\index.php(79): CodeIgniter\CodeIgniter->run()
CRITICAL - 2025-02-18 16:32:58 --> Attempt to read property "Title" on null
in APPPATH\Controllers\Home.php on line 52.
 1 APPPATH\Controllers\Home.php(52): CodeIgniter\Debug\Exceptions->errorHandler(2, 'Attempt to read property "Title" on null', 'D:\\Programas Instalados\\XAMPP\\htdocs\\2.-Tasks\\TasksBack\\app\\Controllers\\Home.php', 52)
 2 SYSTEMPATH\CodeIgniter.php(942): App\Controllers\Home->postTask()
 3 SYSTEMPATH\CodeIgniter.php(502): CodeIgniter\CodeIgniter->runController(Object(App\Controllers\Home))
 4 SYSTEMPATH\CodeIgniter.php(361): CodeIgniter\CodeIgniter->handleRequest(null, Object(Config\Cache), false)
 5 FCPATH\index.php(79): CodeIgniter\CodeIgniter->run()
CRITICAL - 2025-02-18 16:34:17 --> Attempt to read property "Title" on null
in APPPATH\Controllers\Home.php on line 52.
 1 APPPATH\Controllers\Home.php(52): CodeIgniter\Debug\Exceptions->errorHandler(2, 'Attempt to read property "Title" on null', 'D:\\Programas Instalados\\XAMPP\\htdocs\\2.-Tasks\\TasksBack\\app\\Controllers\\Home.php', 52)
 2 SYSTEMPATH\CodeIgniter.php(942): App\Controllers\Home->postTask()
 3 SYSTEMPATH\CodeIgniter.php(502): CodeIgniter\CodeIgniter->runController(Object(App\Controllers\Home))
 4 SYSTEMPATH\CodeIgniter.php(361): CodeIgniter\CodeIgniter->handleRequest(null, Object(Config\Cache), false)
 5 FCPATH\index.php(79): CodeIgniter\CodeIgniter->run()
CRITICAL - 2025-02-18 16:35:24 --> Attempt to read property "Title" on null
in APPPATH\Controllers\Home.php on line 52.
 1 APPPATH\Controllers\Home.php(52): CodeIgniter\Debug\Exceptions->errorHandler(2, 'Attempt to read property "Title" on null', 'D:\\Programas Instalados\\XAMPP\\htdocs\\2.-Tasks\\TasksBack\\app\\Controllers\\Home.php', 52)
 2 SYSTEMPATH\CodeIgniter.php(942): App\Controllers\Home->postTask()
 3 SYSTEMPATH\CodeIgniter.php(502): CodeIgniter\CodeIgniter->runController(Object(App\Controllers\Home))
 4 SYSTEMPATH\CodeIgniter.php(361): CodeIgniter\CodeIgniter->handleRequest(null, Object(Config\Cache), false)
 5 FCPATH\index.php(79): CodeIgniter\CodeIgniter->run()
CRITICAL - 2025-02-18 16:40:37 --> Attempt to read property "Title" on null
in APPPATH\Controllers\Home.php on line 50.
 1 APPPATH\Controllers\Home.php(50): CodeIgniter\Debug\Exceptions->errorHandler(2, 'Attempt to read property "Title" on null', 'D:\\Programas Instalados\\XAMPP\\htdocs\\2.-Tasks\\TasksBack\\app\\Controllers\\Home.php', 50)
 2 SYSTEMPATH\CodeIgniter.php(942): App\Controllers\Home->postTask()
 3 SYSTEMPATH\CodeIgniter.php(502): CodeIgniter\CodeIgniter->runController(Object(App\Controllers\Home))
 4 SYSTEMPATH\CodeIgniter.php(361): CodeIgniter\CodeIgniter->handleRequest(null, Object(Config\Cache), false)
 5 FCPATH\index.php(79): CodeIgniter\CodeIgniter->run()
CRITICAL - 2025-02-18 16:40:50 --> Trying to access array offset on value of type null
in APPPATH\Controllers\Home.php on line 50.
 1 APPPATH\Controllers\Home.php(50): CodeIgniter\Debug\Exceptions->errorHandler(2, 'Trying to access array offset on value of type null', 'D:\\Programas Instalados\\XAMPP\\htdocs\\2.-Tasks\\TasksBack\\app\\Controllers\\Home.php', 50)
 2 SYSTEMPATH\CodeIgniter.php(942): App\Controllers\Home->postTask()
 3 SYSTEMPATH\CodeIgniter.php(502): CodeIgniter\CodeIgniter->runController(Object(App\Controllers\Home))
 4 SYSTEMPATH\CodeIgniter.php(361): CodeIgniter\CodeIgniter->handleRequest(null, Object(Config\Cache), false)
 5 FCPATH\index.php(79): CodeIgniter\CodeIgniter->run()
CRITICAL - 2025-02-18 16:42:46 --> Trying to access array offset on value of type null
in APPPATH\Controllers\Home.php on line 50.
 1 APPPATH\Controllers\Home.php(50): CodeIgniter\Debug\Exceptions->errorHandler(2, 'Trying to access array offset on value of type null', 'D:\\Programas Instalados\\XAMPP\\htdocs\\2.-Tasks\\TasksBack\\app\\Controllers\\Home.php', 50)
 2 SYSTEMPATH\CodeIgniter.php(942): App\Controllers\Home->postTask()
 3 SYSTEMPATH\CodeIgniter.php(502): CodeIgniter\CodeIgniter->runController(Object(App\Controllers\Home))
 4 SYSTEMPATH\CodeIgniter.php(361): CodeIgniter\CodeIgniter->handleRequest(null, Object(Config\Cache), false)
 5 FCPATH\index.php(79): CodeIgniter\CodeIgniter->run()
CRITICAL - 2025-02-18 16:43:20 --> Attempt to read property "Title" on null
in APPPATH\Controllers\Home.php on line 50.
 1 APPPATH\Controllers\Home.php(50): CodeIgniter\Debug\Exceptions->errorHandler(2, 'Attempt to read property "Title" on null', 'D:\\Programas Instalados\\XAMPP\\htdocs\\2.-Tasks\\TasksBack\\app\\Controllers\\Home.php', 50)
 2 SYSTEMPATH\CodeIgniter.php(942): App\Controllers\Home->postTask()
 3 SYSTEMPATH\CodeIgniter.php(502): CodeIgniter\CodeIgniter->runController(Object(App\Controllers\Home))
 4 SYSTEMPATH\CodeIgniter.php(361): CodeIgniter\CodeIgniter->handleRequest(null, Object(Config\Cache), false)
 5 FCPATH\index.php(79): CodeIgniter\CodeIgniter->run()
CRITICAL - 2025-02-18 16:46:51 --> Attempt to read property "Title" on null
in APPPATH\Controllers\Home.php on line 50.
 1 APPPATH\Controllers\Home.php(50): CodeIgniter\Debug\Exceptions->errorHandler(2, 'Attempt to read property "Title" on null', 'D:\\Programas Instalados\\XAMPP\\htdocs\\2.-Tasks\\TasksBack\\app\\Controllers\\Home.php', 50)
 2 SYSTEMPATH\CodeIgniter.php(942): App\Controllers\Home->postTask()
 3 SYSTEMPATH\CodeIgniter.php(502): CodeIgniter\CodeIgniter->runController(Object(App\Controllers\Home))
 4 SYSTEMPATH\CodeIgniter.php(361): CodeIgniter\CodeIgniter->handleRequest(null, Object(Config\Cache), false)
 5 FCPATH\index.php(79): CodeIgniter\CodeIgniter->run()
CRITICAL - 2025-02-18 16:47:07 --> Attempt to read property "Title" on null
in APPPATH\Controllers\Home.php on line 50.
 1 APPPATH\Controllers\Home.php(50): CodeIgniter\Debug\Exceptions->errorHandler(2, 'Attempt to read property "Title" on null', 'D:\\Programas Instalados\\XAMPP\\htdocs\\2.-Tasks\\TasksBack\\app\\Controllers\\Home.php', 50)
 2 SYSTEMPATH\CodeIgniter.php(942): App\Controllers\Home->postTask()
 3 SYSTEMPATH\CodeIgniter.php(502): CodeIgniter\CodeIgniter->runController(Object(App\Controllers\Home))
 4 SYSTEMPATH\CodeIgniter.php(361): CodeIgniter\CodeIgniter->handleRequest(null, Object(Config\Cache), false)
 5 FCPATH\index.php(79): CodeIgniter\CodeIgniter->run()
CRITICAL - 2025-02-18 16:48:16 --> Attempt to read property "Title" on null
in APPPATH\Controllers\Home.php on line 50.
 1 APPPATH\Controllers\Home.php(50): CodeIgniter\Debug\Exceptions->errorHandler(2, 'Attempt to read property "Title" on null', 'D:\\Programas Instalados\\XAMPP\\htdocs\\2.-Tasks\\TasksBack\\app\\Controllers\\Home.php', 50)
 2 SYSTEMPATH\CodeIgniter.php(942): App\Controllers\Home->postTask()
 3 SYSTEMPATH\CodeIgniter.php(502): CodeIgniter\CodeIgniter->runController(Object(App\Controllers\Home))
 4 SYSTEMPATH\CodeIgniter.php(361): CodeIgniter\CodeIgniter->handleRequest(null, Object(Config\Cache), false)
 5 FCPATH\index.php(79): CodeIgniter\CodeIgniter->run()
CRITICAL - 2025-02-18 16:48:26 --> Attempt to read property "Title" on null
in APPPATH\Controllers\Home.php on line 50.
 1 APPPATH\Controllers\Home.php(50): CodeIgniter\Debug\Exceptions->errorHandler(2, 'Attempt to read property "Title" on null', 'D:\\Programas Instalados\\XAMPP\\htdocs\\2.-Tasks\\TasksBack\\app\\Controllers\\Home.php', 50)
 2 SYSTEMPATH\CodeIgniter.php(942): App\Controllers\Home->postTask()
 3 SYSTEMPATH\CodeIgniter.php(502): CodeIgniter\CodeIgniter->runController(Object(App\Controllers\Home))
 4 SYSTEMPATH\CodeIgniter.php(361): CodeIgniter\CodeIgniter->handleRequest(null, Object(Config\Cache), false)
 5 FCPATH\index.php(79): CodeIgniter\CodeIgniter->run()
CRITICAL - 2025-02-18 16:52:25 --> Attempt to read property "Title" on null
in APPPATH\Controllers\Home.php on line 53.
 1 APPPATH\Controllers\Home.php(53): CodeIgniter\Debug\Exceptions->errorHandler(2, 'Attempt to read property "Title" on null', 'D:\\Programas Instalados\\XAMPP\\htdocs\\2.-Tasks\\TasksBack\\app\\Controllers\\Home.php', 53)
 2 SYSTEMPATH\CodeIgniter.php(942): App\Controllers\Home->postTask()
 3 SYSTEMPATH\CodeIgniter.php(502): CodeIgniter\CodeIgniter->runController(Object(App\Controllers\Home))
 4 SYSTEMPATH\CodeIgniter.php(361): CodeIgniter\CodeIgniter->handleRequest(null, Object(Config\Cache), false)
 5 FCPATH\index.php(79): CodeIgniter\CodeIgniter->run()
CRITICAL - 2025-02-18 16:52:46 --> Attempt to read property "Title" on null
in APPPATH\Controllers\Home.php on line 53.
 1 APPPATH\Controllers\Home.php(53): CodeIgniter\Debug\Exceptions->errorHandler(2, 'Attempt to read property "Title" on null', 'D:\\Programas Instalados\\XAMPP\\htdocs\\2.-Tasks\\TasksBack\\app\\Controllers\\Home.php', 53)
 2 SYSTEMPATH\CodeIgniter.php(942): App\Controllers\Home->postTask()
 3 SYSTEMPATH\CodeIgniter.php(502): CodeIgniter\CodeIgniter->runController(Object(App\Controllers\Home))
 4 SYSTEMPATH\CodeIgniter.php(361): CodeIgniter\CodeIgniter->handleRequest(null, Object(Config\Cache), false)
 5 FCPATH\index.php(79): CodeIgniter\CodeIgniter->run()
CRITICAL - 2025-02-18 16:54:20 --> Attempt to read property "Title" on null
in APPPATH\Controllers\Home.php on line 53.
 1 APPPATH\Controllers\Home.php(53): CodeIgniter\Debug\Exceptions->errorHandler(2, 'Attempt to read property "Title" on null', 'D:\\Programas Instalados\\XAMPP\\htdocs\\2.-Tasks\\TasksBack\\app\\Controllers\\Home.php', 53)
 2 SYSTEMPATH\CodeIgniter.php(942): App\Controllers\Home->postTask()
 3 SYSTEMPATH\CodeIgniter.php(502): CodeIgniter\CodeIgniter->runController(Object(App\Controllers\Home))
 4 SYSTEMPATH\CodeIgniter.php(361): CodeIgniter\CodeIgniter->handleRequest(null, Object(Config\Cache), false)
 5 FCPATH\index.php(79): CodeIgniter\CodeIgniter->run()
CRITICAL - 2025-02-18 17:55:29 --> Attempt to read property "Title" on null
in APPPATH\Controllers\Home.php on line 53.
 1 APPPATH\Controllers\Home.php(53): CodeIgniter\Debug\Exceptions->errorHandler(2, 'Attempt to read property "Title" on null', 'D:\\Programas Instalados\\XAMPP\\htdocs\\2.-Tasks\\TasksBack\\app\\Controllers\\Home.php', 53)
 2 SYSTEMPATH\CodeIgniter.php(942): App\Controllers\Home->postTask()
 3 SYSTEMPATH\CodeIgniter.php(502): CodeIgniter\CodeIgniter->runController(Object(App\Controllers\Home))
 4 SYSTEMPATH\CodeIgniter.php(361): CodeIgniter\CodeIgniter->handleRequest(null, Object(Config\Cache), false)
 5 FCPATH\index.php(79): CodeIgniter\CodeIgniter->run()
CRITICAL - 2025-02-18 18:04:50 --> Attempt to read property "Title" on null
in APPPATH\Controllers\Home.php on line 53.
 1 APPPATH\Controllers\Home.php(53): CodeIgniter\Debug\Exceptions->errorHandler(2, 'Attempt to read property "Title" on null', 'D:\\Programas Instalados\\XAMPP\\htdocs\\2.-Tasks\\TasksBack\\app\\Controllers\\Home.php', 53)
 2 SYSTEMPATH\CodeIgniter.php(942): App\Controllers\Home->postTask()
 3 SYSTEMPATH\CodeIgniter.php(502): CodeIgniter\CodeIgniter->runController(Object(App\Controllers\Home))
 4 SYSTEMPATH\CodeIgniter.php(361): CodeIgniter\CodeIgniter->handleRequest(null, Object(Config\Cache), false)
 5 FCPATH\index.php(79): CodeIgniter\CodeIgniter->run()
CRITICAL - 2025-02-18 18:13:03 --> Attempt to read property "Title" on null
in APPPATH\Controllers\Home.php on line 52.
 1 APPPATH\Controllers\Home.php(52): CodeIgniter\Debug\Exceptions->errorHandler(2, 'Attempt to read property "Title" on null', 'D:\\Programas Instalados\\XAMPP\\htdocs\\2.-Tasks\\TasksBack\\app\\Controllers\\Home.php', 52)
 2 SYSTEMPATH\CodeIgniter.php(942): App\Controllers\Home->postTask()
 3 SYSTEMPATH\CodeIgniter.php(502): CodeIgniter\CodeIgniter->runController(Object(App\Controllers\Home))
 4 SYSTEMPATH\CodeIgniter.php(361): CodeIgniter\CodeIgniter->handleRequest(null, Object(Config\Cache), false)
 5 FCPATH\index.php(79): CodeIgniter\CodeIgniter->run()
CRITICAL - 2025-02-18 18:18:33 --> Attempt to read property "Title" on null
in APPPATH\Controllers\Home.php on line 52.
 1 APPPATH\Controllers\Home.php(52): CodeIgniter\Debug\Exceptions->errorHandler(2, 'Attempt to read property "Title" on null', 'D:\\Programas Instalados\\XAMPP\\htdocs\\2.-Tasks\\TasksBack\\app\\Controllers\\Home.php', 52)
 2 SYSTEMPATH\CodeIgniter.php(942): App\Controllers\Home->postTask()
 3 SYSTEMPATH\CodeIgniter.php(502): CodeIgniter\CodeIgniter->runController(Object(App\Controllers\Home))
 4 SYSTEMPATH\CodeIgniter.php(361): CodeIgniter\CodeIgniter->handleRequest(null, Object(Config\Cache), false)
 5 FCPATH\index.php(79): CodeIgniter\CodeIgniter->run()
CRITICAL - 2025-02-18 18:20:05 --> Attempt to read property "Title" on null
in APPPATH\Controllers\Home.php on line 52.
 1 APPPATH\Controllers\Home.php(52): CodeIgniter\Debug\Exceptions->errorHandler(2, 'Attempt to read property "Title" on null', 'D:\\Programas Instalados\\XAMPP\\htdocs\\2.-Tasks\\TasksBack\\app\\Controllers\\Home.php', 52)
 2 SYSTEMPATH\CodeIgniter.php(942): App\Controllers\Home->postTask()
 3 SYSTEMPATH\CodeIgniter.php(502): CodeIgniter\CodeIgniter->runController(Object(App\Controllers\Home))
 4 SYSTEMPATH\CodeIgniter.php(361): CodeIgniter\CodeIgniter->handleRequest(null, Object(Config\Cache), false)
 5 FCPATH\index.php(79): CodeIgniter\CodeIgniter->run()
CRITICAL - 2025-02-18 19:38:35 --> syntax error, unexpected single-quoted string "Activo", expecting ")"
in APPPATH\Models\taskModel.php on line 17.
 1 SYSTEMPATH\Autoloader\Autoloader.php(291): CodeIgniter\Autoloader\Autoloader->includeFile('D:\\Programas Instalados\\XAMPP\\htdocs\\2.-Tasks\\TasksBack\\app\\Models\\taskModel.php')
 2 SYSTEMPATH\Autoloader\Autoloader.php(269): CodeIgniter\Autoloader\Autoloader->loadInNamespace('App\\Models\\taskModel')
 3 APPPATH\Controllers\Home.php(32): CodeIgniter\Autoloader\Autoloader->loadClass('App\\Models\\taskModel')
 4 SYSTEMPATH\CodeIgniter.php(942): App\Controllers\Home->getTasks()
 5 SYSTEMPATH\CodeIgniter.php(502): CodeIgniter\CodeIgniter->runController(Object(App\Controllers\Home))
 6 SYSTEMPATH\CodeIgniter.php(361): CodeIgniter\CodeIgniter->handleRequest(null, Object(Config\Cache), false)
 7 FCPATH\index.php(79): CodeIgniter\CodeIgniter->run()
CRITICAL - 2025-02-18 19:38:35 --> syntax error, unexpected single-quoted string "Activo", expecting ")"
in APPPATH\Models\taskModel.php on line 17.
 1 SYSTEMPATH\Autoloader\Autoloader.php(291): CodeIgniter\Autoloader\Autoloader->includeFile('D:\\Programas Instalados\\XAMPP\\htdocs\\2.-Tasks\\TasksBack\\app\\Models\\taskModel.php')
 2 SYSTEMPATH\Autoloader\Autoloader.php(269): CodeIgniter\Autoloader\Autoloader->loadInNamespace('App\\Models\\taskModel')
 3 APPPATH\Controllers\Home.php(32): CodeIgniter\Autoloader\Autoloader->loadClass('App\\Models\\taskModel')
 4 SYSTEMPATH\CodeIgniter.php(942): App\Controllers\Home->getTasks()
 5 SYSTEMPATH\CodeIgniter.php(502): CodeIgniter\CodeIgniter->runController(Object(App\Controllers\Home))
 6 SYSTEMPATH\CodeIgniter.php(361): CodeIgniter\CodeIgniter->handleRequest(null, Object(Config\Cache), false)
 7 FCPATH\index.php(79): CodeIgniter\CodeIgniter->run()
CRITICAL - 2025-02-18 19:40:33 --> syntax error, unexpected single-quoted string "Activo", expecting ")"
in APPPATH\Models\taskModel.php on line 17.
 1 SYSTEMPATH\Autoloader\Autoloader.php(291): CodeIgniter\Autoloader\Autoloader->includeFile('D:\\Programas Instalados\\XAMPP\\htdocs\\2.-Tasks\\TasksBack\\app\\Models\\taskModel.php')
 2 SYSTEMPATH\Autoloader\Autoloader.php(269): CodeIgniter\Autoloader\Autoloader->loadInNamespace('App\\Models\\taskModel')
 3 APPPATH\Controllers\Home.php(32): CodeIgniter\Autoloader\Autoloader->loadClass('App\\Models\\taskModel')
 4 SYSTEMPATH\CodeIgniter.php(942): App\Controllers\Home->getTasks()
 5 SYSTEMPATH\CodeIgniter.php(502): CodeIgniter\CodeIgniter->runController(Object(App\Controllers\Home))
 6 SYSTEMPATH\CodeIgniter.php(361): CodeIgniter\CodeIgniter->handleRequest(null, Object(Config\Cache), false)
 7 FCPATH\index.php(79): CodeIgniter\CodeIgniter->run()
CRITICAL - 2025-02-18 19:40:33 --> syntax error, unexpected single-quoted string "Activo", expecting ")"
in APPPATH\Models\taskModel.php on line 17.
 1 SYSTEMPATH\Autoloader\Autoloader.php(291): CodeIgniter\Autoloader\Autoloader->includeFile('D:\\Programas Instalados\\XAMPP\\htdocs\\2.-Tasks\\TasksBack\\app\\Models\\taskModel.php')
 2 SYSTEMPATH\Autoloader\Autoloader.php(269): CodeIgniter\Autoloader\Autoloader->loadInNamespace('App\\Models\\taskModel')
 3 APPPATH\Controllers\Home.php(32): CodeIgniter\Autoloader\Autoloader->loadClass('App\\Models\\taskModel')
 4 SYSTEMPATH\CodeIgniter.php(942): App\Controllers\Home->getTasks()
 5 SYSTEMPATH\CodeIgniter.php(502): CodeIgniter\CodeIgniter->runController(Object(App\Controllers\Home))
 6 SYSTEMPATH\CodeIgniter.php(361): CodeIgniter\CodeIgniter->handleRequest(null, Object(Config\Cache), false)
 7 FCPATH\index.php(79): CodeIgniter\CodeIgniter->run()
CRITICAL - 2025-02-18 19:40:48 --> syntax error, unexpected single-quoted string "Activo", expecting ")"
in APPPATH\Models\taskModel.php on line 17.
 1 SYSTEMPATH\Autoloader\Autoloader.php(291): CodeIgniter\Autoloader\Autoloader->includeFile('D:\\Programas Instalados\\XAMPP\\htdocs\\2.-Tasks\\TasksBack\\app\\Models\\taskModel.php')
 2 SYSTEMPATH\Autoloader\Autoloader.php(269): CodeIgniter\Autoloader\Autoloader->loadInNamespace('App\\Models\\taskModel')
 3 APPPATH\Controllers\Home.php(32): CodeIgniter\Autoloader\Autoloader->loadClass('App\\Models\\taskModel')
 4 SYSTEMPATH\CodeIgniter.php(942): App\Controllers\Home->getTasks()
 5 SYSTEMPATH\CodeIgniter.php(502): CodeIgniter\CodeIgniter->runController(Object(App\Controllers\Home))
 6 SYSTEMPATH\CodeIgniter.php(361): CodeIgniter\CodeIgniter->handleRequest(null, Object(Config\Cache), false)
 7 FCPATH\index.php(79): CodeIgniter\CodeIgniter->run()
CRITICAL - 2025-02-18 19:40:48 --> syntax error, unexpected single-quoted string "Activo", expecting ")"
in APPPATH\Models\taskModel.php on line 17.
 1 SYSTEMPATH\Autoloader\Autoloader.php(291): CodeIgniter\Autoloader\Autoloader->includeFile('D:\\Programas Instalados\\XAMPP\\htdocs\\2.-Tasks\\TasksBack\\app\\Models\\taskModel.php')
 2 SYSTEMPATH\Autoloader\Autoloader.php(269): CodeIgniter\Autoloader\Autoloader->loadInNamespace('App\\Models\\taskModel')
 3 APPPATH\Controllers\Home.php(32): CodeIgniter\Autoloader\Autoloader->loadClass('App\\Models\\taskModel')
 4 SYSTEMPATH\CodeIgniter.php(942): App\Controllers\Home->getTasks()
 5 SYSTEMPATH\CodeIgniter.php(502): CodeIgniter\CodeIgniter->runController(Object(App\Controllers\Home))
 6 SYSTEMPATH\CodeIgniter.php(361): CodeIgniter\CodeIgniter->handleRequest(null, Object(Config\Cache), false)
 7 FCPATH\index.php(79): CodeIgniter\CodeIgniter->run()
CRITICAL - 2025-02-18 22:05:48 --> Undefined property: stdClass::$Completed
in APPPATH\Controllers\Home.php on line 91.
 1 APPPATH\Controllers\Home.php(91): CodeIgniter\Debug\Exceptions->errorHandler(2, 'Undefined property: stdClass::$Completed', 'D:\\Programas Instalados\\XAMPP\\htdocs\\2.-Tasks\\TasksBack\\app\\Controllers\\Home.php', 91)
 2 SYSTEMPATH\CodeIgniter.php(942): App\Controllers\Home->putTask('13')
 3 SYSTEMPATH\CodeIgniter.php(502): CodeIgniter\CodeIgniter->runController(Object(App\Controllers\Home))
 4 SYSTEMPATH\CodeIgniter.php(361): CodeIgniter\CodeIgniter->handleRequest(null, Object(Config\Cache), false)
 5 FCPATH\index.php(79): CodeIgniter\CodeIgniter->run()
